0 info it worked if it ends with ok
1 verbose cli [ '/usr/bin/node', '/usr/bin/npm', 'publish' ]
2 info using npm@3.5.2
3 info using node@v8.10.0
4 verbose publish [ '.' ]
5 silly cache add args [ '.', null ]
6 verbose cache add spec .
7 silly cache add parsed spec Result {
7 silly cache add   raw: '.',
7 silly cache add   scope: null,
7 silly cache add   name: null,
7 silly cache add   rawSpec: '.',
7 silly cache add   spec: '/home/npa/node/bp-api',
7 silly cache add   type: 'directory' }
8 verbose addLocalDirectory /home/npa/.npm/bp-api/0.3.4/package.tgz not in flight; packing
9 info lifecycle bp-api@0.3.4~prepublish: bp-api@0.3.4
10 silly lifecycle bp-api@0.3.4~prepublish: no script for prepublish, continuing
11 verbose tar pack [ '/home/npa/.npm/bp-api/0.3.4/package.tgz',
11 verbose tar pack   '/home/npa/node/bp-api' ]
12 verbose tarball /home/npa/.npm/bp-api/0.3.4/package.tgz
13 verbose folder /home/npa/node/bp-api
14 verbose addLocalTarball adding from inside cache /home/npa/.npm/bp-api/0.3.4/package.tgz
15 silly cache afterAdd bp-api@0.3.4
16 verbose afterAdd /home/npa/.npm/bp-api/0.3.4/package/package.json not in flight; writing
17 verbose afterAdd /home/npa/.npm/bp-api/0.3.4/package/package.json written
18 silly publish { name: 'bp-api',
18 silly publish   version: '0.3.4',
18 silly publish   description: 'implements the basic methods of working with bpium api',
18 silly publish   main: 'index.js',
18 silly publish   scripts: { test: 'echo "Error: no test specified" && exit 1' },
18 silly publish   repository:
18 silly publish    { type: 'git',
18 silly publish      url: 'git+https://github.com/nachpav/bp-api.git' },
18 silly publish   keywords: [ 'bpium' ],
18 silly publish   author: { name: 'Pavel Nachigin' },
18 silly publish   license: 'ISC',
18 silly publish   bugs: { url: 'https://github.com/nachpav/bp-api/issues' },
18 silly publish   homepage: 'https://github.com/nachpav/bp-api#readme',
18 silly publish   dependencies: { axios: '^0.19.0', lodash: '^4.17.15', qs: '^6.9.1' },
18 silly publish   gitHead: 'b3347f103eb7aaa77215cdbcf84f5d75350c8335',
18 silly publish   readme: 'ERROR: No README data found!',
18 silly publish   _id: 'bp-api@0.3.4',
18 silly publish   _shasum: '26d081b7f7961ee6cb2d82ff572e53093c269d50',
18 silly publish   _from: '.' }
19 verbose getPublishConfig undefined
20 silly mapToRegistry name bp-api
21 silly mapToRegistry using default registry
22 silly mapToRegistry registry https://registry.npmjs.org/
23 silly mapToRegistry uri https://registry.npmjs.org/bp-api
24 verbose publish registryBase https://registry.npmjs.org/
25 silly publish uploading /home/npa/.npm/bp-api/0.3.4/package.tgz
26 verbose request uri https://registry.npmjs.org/bp-api
27 verbose request sending authorization for write operation
28 info attempt registry request try #1 at 5:17:57 AM
29 verbose request using bearer token for auth
30 verbose request id 09209497d5343eef
31 http request PUT https://registry.npmjs.org/bp-api
32 http 403 https://registry.npmjs.org/bp-api
33 verbose headers { date: 'Fri, 07 Aug 2020 05:17:58 GMT',
33 verbose headers   'content-type': 'application/json',
33 verbose headers   'transfer-encoding': 'chunked',
33 verbose headers   connection: 'keep-alive',
33 verbose headers   'set-cookie':
33 verbose headers    [ '__cfduid=d8454ab57cb60d9ad14e95c40139185f51596777477; expires=Sun, 06-Sep-20 05:17:57 GMT; path=/; domain=.npmjs.org; HttpOnly; SameSite=Lax' ],
33 verbose headers   'cf-ray': '5bee88c14f597b2b-DME',
33 verbose headers   vary: 'Accept-Encoding',
33 verbose headers   'cf-cache-status': 'DYNAMIC',
33 verbose headers   'cf-request-id': '0468f3ccd000007b2bf7308200000001',
33 verbose headers   'expect-ct': 'max-age=604800, report-uri="https://report-uri.cloudflare.com/cdn-cgi/beacon/expect-ct"',
33 verbose headers   server: 'cloudflare',
33 verbose headers   'content-encoding': 'gzip' }
34 verbose request invalidating /home/npa/.npm/registry.npmjs.org/bp-api on PUT
35 error publish Failed PUT 403
36 verbose stack Error: You cannot publish over the previously published versions: 0.3.4. : bp-api
36 verbose stack     at makeError (/usr/share/npm/node_modules/npm-registry-client/lib/request.js:264:12)
36 verbose stack     at CachingRegistryClient.<anonymous> (/usr/share/npm/node_modules/npm-registry-client/lib/request.js:252:14)
36 verbose stack     at /usr/share/npm/node_modules/npm-registry-client/lib/request.js:178:7
36 verbose stack     at Gunzip.onEnd (zlib.js:131:5)
36 verbose stack     at emitNone (events.js:111:20)
36 verbose stack     at Gunzip.emit (events.js:208:7)
36 verbose stack     at endReadableNT (_stream_readable.js:1064:12)
36 verbose stack     at _combinedTickCallback (internal/process/next_tick.js:138:11)
36 verbose stack     at process._tickCallback (internal/process/next_tick.js:180:9)
37 verbose statusCode 403
38 verbose pkgid bp-api
39 verbose cwd /home/npa/node/bp-api
40 error Linux 4.15.0-55-generic
41 error argv "/usr/bin/node" "/usr/bin/npm" "publish"
42 error node v8.10.0
43 error npm  v3.5.2
44 error code E403
45 error You cannot publish over the previously published versions: 0.3.4. : bp-api
46 error If you need help, you may report this error at:
46 error     <https://github.com/npm/npm/issues>
47 verbose exit [ 1, true ]
